<?xml version="1.0" encoding="UTF-8"?>
<testsuite xmlns:xsi="http://www.w3.org/2001/XMLSchema-instance" xsi:noNamespaceSchemaLocation="https://maven.apache.org/surefire/maven-surefire-plugin/xsd/surefire-test-report.xsd" name="ed23_Entrega.GeneradorIpTest" time="0.012" tests="10" errors="0" skipped="0" failures="0">
  <properties>
[...]
</properties>
  <testcase name="testGenerarNumero[1]" classname="ed23_Entrega.GeneradorIpTest" time="0.004"/>
  <testcase name="testGenerarNumero[2]" classname="ed23_Entrega.GeneradorIpTest" time="0"/>
  <testcase name="testGenerarNumero[3]" classname="ed23_Entrega.GeneradorIpTest" time="0"/>
  <testcase name="testGenerarNumero[4]" classname="ed23_Entrega.GeneradorIpTest" time="0"/>
  <testcase name="testGenerarNumero[5]" classname="ed23_Entrega.GeneradorIpTest" time="0"/>
  <testcase name="testGenerarNumero[6]" classname="ed23_Entrega.GeneradorIpTest" time="0"/>
  <testcase name="testGenerarNumero[7]" classname="ed23_Entrega.GeneradorIpTest" time="0"/>
  <testcase name="testGenerarNumero[8]" classname="ed23_Entrega.GeneradorIpTest" time="0"/>
  <testcase name="testGenerarNumero[9]" classname="ed23_Entrega.GeneradorIpTest" time="0"/>
  <testcase name="testGenerarNumero[10]" classname="ed23_Entrega.GeneradorIpTest" time="0"/>
</testsuite>